<?xml version="1.0" encoding="UTF-8"?>
<testng-results skipped="0" failed="0" total="2" passed="2">
  <reporter-output>
  </reporter-output>
  <suite name="Practice Suite" duration-ms="64" started-at="2022-06-20T12:00:47Z" finished-at="2022-06-20T12:00:47Z">
    <groups>
    </groups>
    <test name="Test Basics 1" duration-ms="64" started-at="2022-06-20T12:00:47Z" finished-at="2022-06-20T12:00:47Z">
      <class name="myApp.test.TestCase2">
        <test-method status="PASS" signature="Test2()[pri:0, instance:myApp.test.TestCase2@340f438e]" name="Test2" duration-ms="0" started-at="2022-06-20T17:30:47Z" finished-at="2022-06-20T17:30:47Z">
          <reporter-output>
          </reporter-output>
        </test-method> <!-- Test2 -->
      </class> <!-- myApp.test.TestCase2 -->
      <class name="myApp.test.TestCase1">
        <test-method status="PASS" signature="test1()[pri:0, instance:myApp.test.TestCase1@7c30a502]" name="test1" duration-ms="26" started-at="2022-06-20T17:30:47Z" finished-at="2022-06-20T17:30:47Z">
          <reporter-output>
          </reporter-output>
        </test-method> <!-- test1 -->
      </class> <!-- myApp.test.TestCase1 -->
    </test> <!-- Test Basics 1 -->
  </suite> <!-- Practice Suite -->
</testng-results>
